0 info it worked if it ends with ok
1 verbose cli [ 'C:\\Program Files\\nodejs\\node.exe',
1 verbose cli   'C:\\Program Files\\nodejs\\node_modules\\npm\\bin\\npm-cli.js',
1 verbose cli   'run',
1 verbose cli   'server-local' ]
2 info using npm@3.10.10
3 info using node@v7.2.1
4 verbose run-script [ 'preserver-local', 'server-local', 'postserver-local' ]
5 info lifecycle knockout-es6@1.0.0~preserver-local: knockout-es6@1.0.0
6 silly lifecycle knockout-es6@1.0.0~preserver-local: no script for preserver-local, continuing
7 info lifecycle knockout-es6@1.0.0~server-local: knockout-es6@1.0.0
8 verbose lifecycle knockout-es6@1.0.0~server-local: unsafe-perm in lifecycle true
9 verbose lifecycle knockout-es6@1.0.0~server-local: PATH: C:\Program Files\nodejs\node_modules\npm\bin\node-gyp-bin;D:\electro\knockout\node_modules\.bin;C:\ProgramData\Oracle\Java\javapath;C:\Windows\system32;C:\Windows;C:\Windows\System32\Wbem;C:\Windows\System32\WindowsPowerShell\v1.0\;C:\Program Files\TortoiseSVN\bin;C:\Program Files\Git\cmd;C:\Program Files\nodejs\;C:\Program Files\TortoiseGit\bin;C:\Program Files (x86)\Skype\Phone\;C:\Users\usr\AppData\Roaming\npm
10 verbose lifecycle knockout-es6@1.0.0~server-local: CWD: D:\electro\knockout
11 silly lifecycle knockout-es6@1.0.0~server-local: Args: [ '/d /s /c',
11 silly lifecycle   'webpack-dev-server --config ./build-config/webpack.server.local.config.js' ]
12 verbose stack Error: kill ENOSYS
12 verbose stack     at exports._errnoException (util.js:1022:11)
12 verbose stack     at process.kill (internal/process.js:173:13)
12 verbose stack     at process.listener (C:\Program Files\nodejs\node_modules\npm\node_modules\npmlog\node_modules\gauge\node_modules\signal-exit\index.js:86:15)
12 verbose stack     at emitNone (events.js:91:20)
12 verbose stack     at process.emit (events.js:185:7)
12 verbose stack     at processEmit (C:\Program Files\nodejs\node_modules\npm\node_modules\npmlog\node_modules\gauge\node_modules\signal-exit\index.js:146:32)
12 verbose stack     at processEmit (C:\Program Files\nodejs\node_modules\npm\node_modules\npm-registry-client\node_modules\npmlog\node_modules\gauge\node_modules\signal-exit\index.js:146:32)
12 verbose stack     at Signal.wrap.onsignal (internal/process.js:200:44)
13 verbose cwd D:\electro\knockout
14 error Windows_NT 6.1.7601
15 error argv "C:\\Program Files\\nodejs\\node.exe" "C:\\Program Files\\nodejs\\node_modules\\npm\\bin\\npm-cli.js" "run" "server-local"
16 error node v7.2.1
17 error npm  v3.10.10
18 error code ENOSYS
19 error errno ENOSYS
20 error syscall kill
21 error kill ENOSYS
22 error If you need help, you may report this error at:
22 error     <https://github.com/npm/npm/issues>
23 verbose exit [ 1, true ]
